#
# A fatal error has been detected by the Java Runtime Environment:
#
#  SIGSEGV (0xb) at pc=0x0000000000000000, pid=4695, tid=140713060726544
#
# JRE version: 6.0_18-b18
# Java VM: OpenJDK 64-Bit Server VM (14.0-b16 mixed mode linux-amd64 )
# Derivative: IcedTea6 1.8
# Distribution: Custom build (Wed May 12 15:36:46 UTC 2010)
# Problematic frame:
# C  0x0000000000000000
#
# If you would like to submit a bug report, please include
# instructions how to reproduce the bug and visit:
#   http://icedtea.classpath.org/bugzilla
#

---------------  T H R E A D  ---------------

Current thread is native thread

siginfo:si_signo=SIGSEGV: si_errno=0, si_code=1 (SEGV_MAPERR), si_addr=0x0000000000000000

Registers:
RAX=0x00007ffae430a020, RBX=0x00007ffae430a020, RCX=0x00007ffae4082350, RDX=0x0000000000000000
RSP=0x00007ffa4fffebd8, RBP=0x00007ffa4fffed88, RSI=0x00007ffa4fffed88, RDI=0x00007ffae430a020
R8 =0x00007ffae42f8c00, R9 =0x0000000000001269, R10=0x0000000000001000, R11=0x0000000000000202
R12=0x0000000000000000, R13=0x00007ffae430a020, R14=0x00007ffae42f8c00, R15=0x0000000000000001
RIP=0x0000000000000000, EFL=0x0000000000010206, CSGSFS=0x0000000000000033, ERR=0x0000000000000014
  TRAPNO=0x000000000000000e

Top of Stack: (sp=0x00007ffa4fffebd8)
0x00007ffa4fffebd8:   00007ffa5533e827 00007ffae40ca5a0
0x00007ffa4fffebe8:   00007ffae430a020 00000034ed8e15a4
0x00007ffa4fffebf8:   0000000000000000 ffffffffffffffff
0x00007ffa4fffec08:   00007ffae42f8c00 0000000000000001
0x00007ffa4fffec18:   00000034de41b86f 00007ffae42f3130
0x00007ffa4fffec28:   0000000000000000 00000034ed8e15a4
0x00007ffa4fffec38:   0000000000000001 00000034ffffffff
0x00007ffa4fffec48:   0000000000000000 00007ffae42d79f0
0x00007ffa4fffec58:   00007ffa4fffecd0 00007ffa4fffece8
0x00007ffa4fffec68:   00000001e412fa50 000000001029f04a
0x00007ffa4fffec78:   00000034ed613c2e 00007ffae432b9c0
0x00007ffa4fffec88:   00000034ed637eab 00000034ed8e15a4
0x00007ffa4fffec98:   00007ffae432a000 00007ffae432b9c0
0x00007ffa4fffeca8:   ffffffffffffffff 00007ffa4fffed88
0x00007ffa4fffecb8:   00007ffa00001000 00007ffae42f8c00
0x00007ffa4fffecc8:   00007ffae430a150 00007ffa4fffecf8
0x00007ffa4fffecd8:   00007ffa4fffecf0 00007ffae43298a0
0x00007ffa4fffece8:   00000000ffffffff 0000003000000030
0x00007ffa4fffecf8:   ffffffffffffffff 00000034ed8dea18
0x00007ffa4fffed08:   00007ffae430a020 ffffffffffffffff
0x00007ffa4fffed18:   00000034d5ae5160 ffffffffffffffff
0x00007ffa4fffed28:   00007ffae430c090 00000034ed8e15a4
0x00007ffa4fffed38:   00000034de41cf13 00000034ed8e15a4
0x00007ffa4fffed48:   00000034d30085f0 0000007c0000005f
0x00007ffa4fffed58:   00007ffae432a000 00000034d5ae5160
0x00007ffa4fffed68:   00007ffae429e380 00007ffae432a0a0
0x00007ffa4fffed78:   00000034d2c14345 0000000000000000
0x00007ffa4fffed88:   0000000000000000 0000000000000000
0x00007ffa4fffed98:   00007ffae432a000 00000034d5ae5160
0x00007ffa4fffeda8:   00007ffae429e380 00007ffae432a0a0
0x00007ffa4fffedb8:   00007ffa4fffee00 00007ffae43298a0
0x00007ffa4fffedc8:   00000034ed68691d 00007ffa140008c0 

Instructions: (pc=0x0000000000000000)
0xfffffffffffffff0:   

Stack: [0x00007ffa4f5ff000,0x00007ffa50000000],  sp=0x00007ffa4fffebd8,  free space=10238k

---------------  P R O C E S S  ---------------

VM state:not at safepoint (normal execution)

VM Mutex/Monitor currently owned by a thread: None

Heap
 PSYoungGen      total 7168K, used 977K [0x00007ffab6560000, 0x00007ffab7340000, 0x00007ffae1000000)
  eden space 6016K, 5% used [0x00007ffab6560000,0x00007ffab65b45b0,0x00007ffab6b40000)
  from space 1152K, 55% used [0x00007ffab6b40000,0x00007ffab6be0000,0x00007ffab6c60000)
  to   space 1088K, 0% used [0x00007ffab7230000,0x00007ffab7230000,0x00007ffab7340000)
 PSOldGen        total 5312K, used 840K [0x00007ffa61000000, 0x00007ffa61530000, 0x00007ffab6560000)
  object space 5312K, 15% used [0x00007ffa61000000,0x00007ffa610d20a8,0x00007ffa61530000)
 PSPermGen       total 21248K, used 7405K [0x00007ffa56800000, 0x00007ffa57cc0000, 0x00007ffa61000000)
  object space 21248K, 34% used [0x00007ffa56800000,0x00007ffa56f3b748,0x00007ffa57cc0000)

Dynamic libraries:
00400000-00408000 r-xp 00000000 fd:00 9512                               /usr/lib/jvm/java-1.6.0-openjdk-1.6.0.0.x86_64/jre/bin/java
00608000-00609000 rw-p 00008000 fd:00 9512                               /usr/lib/jvm/java-1.6.0-openjdk-1.6.0.0.x86_64/jre/bin/java
006e2000-00703000 rw-p 00000000 00:00 0                                  [heap]
34d2c00000-34d2c1e000 r-xp 00000000 fd:00 326                            /lib64/ld-2.11.1.so
34d2e1d000-34d2e1e000 r--p 0001d000 fd:00 326                            /lib64/ld-2.11.1.so
34d2e1e000-34d2e1f000 rw-p 0001e000 fd:00 326                            /lib64/ld-2.11.1.so
34d2e1f000-34d2e20000 rw-p 00000000 00:00 0 
34d3000000-34d316f000 r-xp 00000000 fd:00 26640                          /lib64/libc-2.11.1.so
34d316f000-34d336f000 ---p 0016f000 fd:00 26640                          /lib64/libc-2.11.1.so
34d336f000-34d3373000 r--p 0016f000 fd:00 26640                          /lib64/libc-2.11.1.so
34d3373000-34d3374000 rw-p 00173000 fd:00 26640                          /lib64/libc-2.11.1.so
34d3374000-34d3379000 rw-p 00000000 00:00 0 
34d3400000-34d3404000 r-xp 00000000 fd:00 22482                          /usr/lib/jvm/java-1.6.0-openjdk-1.6.0.0.x86_64/jre/lib/amd64/jli/libjli.so
34d3404000-34d3603000 ---p 00004000 fd:00 22482                          /usr/lib/jvm/java-1.6.0-openjdk-1.6.0.0.x86_64/jre/lib/amd64/jli/libjli.so
34d3603000-34d3604000 rw-p 00003000 fd:00 22482                          /usr/lib/jvm/java-1.6.0-openjdk-1.6.0.0.x86_64/jre/lib/amd64/jli/libjli.so
34d3800000-34d3802000 r-xp 00000000 fd:00 26652                          /lib64/libdl-2.11.1.so
34d3802000-34d3a02000 ---p 00002000 fd:00 26652                          /lib64/libdl-2.11.1.so
34d3a02000-34d3a03000 r--p 00002000 fd:00 26652                          /lib64/libdl-2.11.1.so
34d3a03000-34d3a04000 rw-p 00003000 fd:00 26652                          /lib64/libdl-2.11.1.so
34d3c00000-34d3c17000 r-xp 00000000 fd:00 26647                          /lib64/libpthread-2.11.1.so
34d3c17000-34d3e16000 ---p 00017000 fd:00 26647                          /lib64/libpthread-2.11.1.so
34d3e16000-34d3e17000 r--p 00016000 fd:00 26647                          /lib64/libpthread-2.11.1.so
34d3e17000-34d3e18000 rw-p 00017000 fd:00 26647                          /lib64/libpthread-2.11.1.so
34d3e18000-34d3e1c000 rw-p 00000000 00:00 0 
34d4000000-34d4015000 r-xp 00000000 fd:00 602                            /lib64/libz.so.1.2.3
34d4015000-34d4214000 ---p 00015000 fd:00 602                            /lib64/libz.so.1.2.3
34d4214000-34d4215000 rw-p 00014000 fd:00 602                            /lib64/libz.so.1.2.3
34d4400000-34d4407000 r-xp 00000000 fd:00 26696                          /lib64/librt-2.11.1.so
34d4407000-34d4606000 ---p 00007000 fd:00 26696                          /lib64/librt-2.11.1.so
34d4606000-34d4607000 r--p 00006000 fd:00 26696                          /lib64/librt-2.11.1.so
34d4607000-34d4608000 rw-p 00007000 fd:00 26696                          /lib64/librt-2.11.1.so
34d4800000-34d4802000 r-xp 00000000 fd:00 26650                          /usr/lib64/libXau.so.6.0.0
34d4802000-34d4a02000 ---p 00002000 fd:00 26650                          /usr/lib64/libXau.so.6.0.0
34d4a02000-34d4a03000 rw-p 00002000 fd:00 26650                          /usr/lib64/libXau.so.6.0.0
34d4c00000-34d4c1b000 r-xp 00000000 fd:00 26651                          /usr/lib64/libxcb.so.1.1.0
34d4c1b000-34d4e1a000 ---p 0001b000 fd:00 26651                          /usr/lib64/libxcb.so.1.1.0
34d4e1a000-34d4e1b000 rw-p 0001a000 fd:00 26651                          /usr/lib64/libxcb.so.1.1.0
34d5000000-34d5139000 r-xp 00000000 fd:00 26653                          /usr/lib64/libX11.so.6.3.0
34d5139000-34d5339000 ---p 00139000 fd:00 26653                          /usr/lib64/libX11.so.6.3.0
34d5339000-34d533f000 rw-p 00139000 fd:00 26653                          /usr/lib64/libX11.so.6.3.0
34d5800000-34d58e4000 r-xp 00000000 fd:00 26707                          /lib64/libglib-2.0.so.0.2200.5
34d58e4000-34d5ae4000 ---p 000e4000 fd:00 26707                          /lib64/libglib-2.0.so.0.2200.5
34d5ae4000-34d5ae5000 rw-p 000e4000 fd:00 26707                          /lib64/libglib-2.0.so.0.2200.5
34d5ae5000-34d5ae6000 rw-p 00000000 00:00 0 
34d6000000-34d6011000 r-xp 00000000 fd:00 26654                          /usr/lib64/libXext.so.6.4.0
34d6011000-34d6211000 ---p 00011000 fd:00 26654                          /usr/lib64/libXext.so.6.4.0
34d6211000-34d6212000 rw-p 00011000 fd:00 26654                          /usr/lib64/libXext.so.6.4.0
34d6400000-34d6443000 r-xp 00000000 fd:00 26708                          /lib64/libgobject-2.0.so.0.2200.5
34d6443000-34d6643000 ---p 00043000 fd:00 26708                          /lib64/libgobject-2.0.so.0.2200.5
34d6643000-34d6645000 rw-p 00043000 fd:00 26708                          /lib64/libgobject-2.0.so.0.2200.5
34d6800000-34d6804000 r-xp 00000000 fd:00 18050                          /lib64/libgthread-2.0.so.0.2200.5
34d6804000-34d6a03000 ---p 00004000 fd:00 18050                          /lib64/libgthread-2.0.so.0.2200.5
34d6a03000-34d6a04000 rw-p 00003000 fd:00 18050                          /lib64/libgthread-2.0.so.0.2200.5
34db000000-34db003000 r-xp 00000000 fd:00 26709                          /lib64/libgmodule-2.0.so.0.2200.5
34db003000-34db202000 ---p 00003000 fd:00 26709                          /lib64/libgmodule-2.0.so.0.2200.5
34db202000-34db203000 rw-p 00002000 fd:00 26709                          /lib64/libgmodule-2.0.so.0.2200.5
34ddc00000-34ddd47000 r-xp 00000000 fd:00 1210                           /usr/lib64/libxml2.so.2.7.6
34ddd47000-34ddf46000 ---p 00147000 fd:00 1210                           /usr/lib64/libxml2.so.2.7.6
34ddf46000-34ddf50000 rw-p 00146000 fd:00 1210                           /usr/lib64/libxml2.so.2.7.6
34ddf50000-34ddf51000 rw-p 00000000 00:00 0 
34de400000-34de43e000 r-xp 00000000 fd:00 9445                           /usr/lib64/libgstbase-0.10.so.0.25.0
34de43e000-34de63d000 ---p 0003e000 fd:00 9445                           /usr/lib64/libgstbase-0.10.so.0.25.0
34de63d000-34de63e000 rw-p 0003d000 fd:00 9445                           /usr/lib64/libgstbase-0.10.so.0.25.0
34e3a00000-34e3a16000 r-xp 00000000 fd:00 1071                           /lib64/libnsl-2.11.1.so
34e3a16000-34e3c15000 ---p 00016000 fd:00 1071                           /lib64/libnsl-2.11.1.so
34e3c15000-34e3c16000 r--p 00015000 fd:00 1071                           /lib64/libnsl-2.11.1.so
34e3c16000-34e3c17000 rw-p 00016000 fd:00 1071                           /lib64/libnsl-2.11.1.so
34e3c17000-34e3c19000 rw-p 00000000 00:00 0 
34e5000000-34e5005000 r-xp 00000000 fd:00 11290                          /usr/lib64/libXv.so.1.0.0
34e5005000-34e5204000 ---p 00005000 fd:00 11290                          /usr/lib64/libXv.so.1.0.0
34e5204000-34e5205000 rw-p 00004000 fd:00 11290                          /usr/lib64/libXv.so.1.0.0
34e6c00000-34e6c1d000 r-xp 00000000 fd:00 12784                          /usr/lib64/libv4lconvert.so.0
34e6c1d000-34e6e1c000 ---p 0001d000 fd:00 12784                          /usr/lib64/libv4lconvert.so.0
34e6e1c000-34e6e1f000 rw-p 0001c000 fd:00 12784                          /usr/lib64/libv4lconvert.so.0
34e6e1f000-34e6e6f000 rw-p 00000000 00:00 0 
34ec800000-34ec807000 r-xp 00000000 fd:00 16925                          /usr/lib64/libv4l2.so.0
34ec807000-34eca07000 ---p 00007000 fd:00 16925                          /usr/lib64/libv4l2.so.0
34eca07000-34eca0b000 rw-p 00007000 fd:00 16925                          /usr/lib64/libv4l2.so.0
34eca0b000-34eca0c000 rw-p 00000000 00:00 0 
34ed600000-34ed6db000 r-xp 00000000 fd:00 26874                          /usr/lib64/libgstreamer-0.10.so.0.25.0
34ed6db000-34ed8da000 ---p 000db000 fd:00 26874                          /usr/lib64/libgstreamer-0.10.so.0.25.0
34ed8da000-34ed8e2000 rw-p 000da000 fd:00 26874                          /usr/lib64/libgstreamer-0.10.so.0.25.0
34ed8e2000-34ed8e3000 rw-p 00000000 00:00 0 
34ede00000-34ede10000 r-xp 00000000 fd:00 26875                          /usr/lib64/libgstinterfaces-0.10.so.0.20.0
34ede10000-34ee00f000 ---p 00010000 fd:00 26875                          /usr/lib64/libgstinterfaces-0.10.so.0.20.0
34ee00f000-34ee011000 rw-p 0000f000 fd:00 26875                          /usr/lib64/libgstinterfaces-0.10.so.0.20.0
34ee200000-34ee207000 r-xp 00000000 fd:00 27097                          /usr/lib64/libgstvideo-0.10.so.0.20.0
34ee207000-34ee407000 ---p 00007000 fd:00 27097                          /usr/lib64/libgstvideo-0.10.so.0.20.0
34ee407000-34ee408000 rw-p 00007000 fd:00 27097                          /usr/lib64/libgstvideo-0.10.so.0.20.0
7ffa14000000-7ffa14022000 rw-p 00000000 00:00 0 
7ffa14022000-7ffa18000000 ---p 00000000 00:00 0 
7ffa1c000000-7ffa1c021000 rw-p 00000000 00:00 0 
7ffa1c021000-7ffa20000000 ---p 00000000 00:00 0 
7ffa20000000-7ffa20021000 rw-p 00000000 00:00 0 
7ffa20021000-7ffa24000000 ---p 00000000 00:00 0 
7ffa24000000-7ffa24165000 rw-p 00000000 00:00 0 
7ffa24165000-7ffa28000000 ---p 00000000 00:00 0 
7ffa28000000-7ffa28021000 rw-p 00000000 00:00 0 
7ffa28021000-7ffa2c000000 ---p 00000000 00:00 0 
7ffa2c000000-7ffa2c021000 rw-p 00000000 00:00 0 
7ffa2c021000-7ffa30000000 ---p 00000000 00:00 0 
7ffa30000000-7ffa302a5000 rw-p 00000000 00:00 0 
7ffa302a5000-7ffa34000000 ---p 00000000 00:00 0 
7ffa34000000-7ffa34021000 rw-p 00000000 00:00 0 
7ffa34021000-7ffa38000000 ---p 00000000 00:00 0 
7ffa3a1cf000-7ffa40000000 r--p 00000000 fd:00 127421                     /usr/lib/locale/locale-archive
7ffa40000000-7ffa40021000 rw-p 00000000 00:00 0 
7ffa40021000-7ffa44000000 ---p 00000000 00:00 0 
7ffa44000000-7ffa44021000 rw-p 00000000 00:00 0 
7ffa44021000-7ffa48000000 ---p 00000000 00:00 0 
7ffa48000000-7ffa48021000 rw-p 00000000 00:00 0 
7ffa48021000-7ffa4c000000 ---p 00000000 00:00 0 
7ffa4f5ff000-7ffa4f602000 rwxp 00000000 00:00 0 
7ffa4f602000-7ffa50000000 rw-p 00000000 00:00 0                          [threadstack:009fcff0]
7ffa50000000-7ffa50021000 rw-p 00000000 00:00 0 
7ffa50021000-7ffa54000000 ---p 00000000 00:00 0 
7ffa5461f000-7ffa54622000 ---p 00000000 00:00 0 
7ffa54622000-7ffa54720000 rw-p 00000000 00:00 0 
7ffa54720000-7ffa54721000 ---p 00000000 00:00 0 
7ffa54721000-7ffa55121000 rw-p 00000000 00:00 0 
7ffa55121000-7ffa55132000 r-xp 00000000 fd:00 104553                     /usr/lib64/gstreamer-0.10/libgstxvimagesink.so
7ffa55132000-7ffa55332000 ---p 00011000 fd:00 104553                     /usr/lib64/gstreamer-0.10/libgstxvimagesink.so
7ffa55332000-7ffa55333000 rw-p 00011000 fd:00 104553                     /usr/lib64/gstreamer-0.10/libgstxvimagesink.so
7ffa55333000-7ffa5534d000 r-xp 00000000 fd:00 103331                     /usr/lib64/gstreamer-0.10/libgstvideo4linux2.so
7ffa5534d000-7ffa5554d000 ---p 0001a000 fd:00 103331                     /usr/lib64/gstreamer-0.10/libgstvideo4linux2.so
7ffa5554d000-7ffa5554e000 rw-p 0001a000 fd:00 103331                     /usr/lib64/gstreamer-0.10/libgstvideo4linux2.so
7ffa5554e000-7ffa55563000 r-xp 00000000 fd:00 29957                      /tmp/jna8031612407010446813.tmp
7ffa55563000-7ffa55662000 ---p 00015000 fd:00 29957                      /tmp/jna8031612407010446813.tmp
7ffa55662000-7ffa55664000 rw-p 00014000 fd:00 29957                      /tmp/jna8031612407010446813.tmp
7ffa55664000-7ffa55665000 ---p 00000000 00:00 0 
7ffa55665000-7ffa55765000 rw-p 00000000 00:00 0 
7ffa55765000-7ffa55768000 ---p 00000000 00:00 0 
7ffa55768000-7ffa55866000 rw-p 00000000 00:00 0 
7ffa55866000-7ffa55869000 ---p 00000000 00:00 0 
7ffa55869000-7ffa55967000 rw-p 00000000 00:00 0 
7ffa55967000-7ffa5596a000 ---p 00000000 00:00 0 
7ffa5596a000-7ffa55a68000 rw-p 00000000 00:00 0 
7ffa55a68000-7ffa55a6b000 ---p 00000000 00:00 0 
7ffa55a6b000-7ffa55b69000 rw-p 00000000 00:00 0 
7ffa55b69000-7ffa55b6c000 ---p 00000000 00:00 0 
7ffa55b6c000-7ffa55c6a000 rw-p 00000000 00:00 0 
7ffa55c6a000-7ffa55c6d000 ---p 00000000 00:00 0 
7ffa55c6d000-7ffa55d6b000 rw-p 00000000 00:00 0 
7ffa55d6b000-7ffa55d6c000 ---p 00000000 00:00 0 
7ffa55d6c000-7ffa55e6c000 rw-p 00000000 00:00 0 
7ffa55e6c000-7ffa55fff000 r--s 0391c000 fd:00 73589                      /usr/lib/jvm/java-1.6.0-openjdk-1.6.0.0.x86_64/jre/lib/rt.jar
7ffa55fff000-7ffa56000000 ---p 00000000 00:00 0 
7ffa56000000-7ffa56100000 rw-p 00000000 00:00 0 
7ffa56100000-7ffa56103000 rwxp 00000000 00:00 0 
7ffa56103000-7ffa563ab000 rwxp 00000000 00:00 0 
7ffa563ab000-7ffa563b6000 rwxp 00000000 00:00 0 
7ffa563b6000-7ffa563ff000 rwxp 00000000 00:00 0 
7ffa563ff000-7ffa56402000 rwxp 00000000 00:00 0 
7ffa56402000-7ffa566a9000 rwxp 00000000 00:00 0 
7ffa566a9000-7ffa566b1000 rwxp 00000000 00:00 0 
7ffa566b1000-7ffa567ff000 rwxp 00000000 00:00 0 
7ffa567ff000-7ffa57cc0000 rwxp 00000000 00:00 0 
7ffa57cc0000-7ffa61000000 rwxp 00000000 00:00 0 
7ffa61000000-7ffa61530000 rwxp 00000000 00:00 0 
7ffa61530000-7ffab6560000 rwxp 00000000 00:00 0 
7ffab6560000-7ffab7340000 rwxp 00000000 00:00 0 
7ffab7340000-7ffae1000000 rwxp 00000000 00:00 0 
7ffae1000000-7ffae1270000 rwxp 00000000 00:00 0 
7ffae1270000-7ffae4000000 rwxp 00000000 00:00 0 
7ffae4000000-7ffae4353000 rw-p 00000000 00:00 0 
7ffae4353000-7ffae8000000 ---p 00000000 00:00 0 
7ffae800a000-7ffae800d000 r--s 000e4000 fd:00 29854                      /home/ae1/lib/java/jna-3.2.4.jar
7ffae800d000-7ffae801f000 r--s 000a4000 fd:00 29852                      /home/ae1/lib/java/gstreamer-java-1.4.jar
7ffae801f000-7ffae80dd000 rw-p 00000000 00:00 0 
7ffae80dd000-7ffae80de000 ---p 00000000 00:00 0 
7ffae80de000-7ffae81de000 rw-p 00000000 00:00 0 
7ffae81de000-7ffae81e9000 rwxp 00000000 00:00 0 
7ffae81e9000-7ffae8232000 rwxp 00000000 00:00 0 
7ffae8232000-7ffae823c000 rwxp 00000000 00:00 0 
7ffae823c000-7ffae82f2000 rwxp 00000000 00:00 0 
7ffae82f2000-7ffae82f9000 r-xp 00000000 fd:00 104701                     /usr/lib/jvm/java-1.6.0-openjdk-1.6.0.0.x86_64/jre/lib/amd64/libzip.so
7ffae82f9000-7ffae84f8000 ---p 00007000 fd:00 104701                     /usr/lib/jvm/java-1.6.0-openjdk-1.6.0.0.x86_64/jre/lib/amd64/libzip.so
7ffae84f8000-7ffae84f9000 rw-p 00006000 fd:00 104701                     /usr/lib/jvm/java-1.6.0-openjdk-1.6.0.0.x86_64/jre/lib/amd64/libzip.so
7ffae84f9000-7ffae8505000 r-xp 00000000 fd:00 85847                      /lib64/libnss_files-2.11.1.so
7ffae8505000-7ffae8704000 ---p 0000c000 fd:00 85847                      /lib64/libnss_files-2.11.1.so
7ffae8704000-7ffae8705000 r--p 0000b000 fd:00 85847                      /lib64/libnss_files-2.11.1.so
7ffae8705000-7ffae8706000 rw-p 0000c000 fd:00 85847                      /lib64/libnss_files-2.11.1.so
7ffae8713000-7ffae872d000 r--s 001a2000 fd:00 680666                     /home/ae1/lib/opt/JMF-2.1.1e/lib/jmf.jar
7ffae872d000-7ffae8735000 r-xp 00000000 fd:00 104702                     /usr/lib/jvm/java-1.6.0-openjdk-1.6.0.0.x86_64/jre/lib/amd64/native_threads/libhpi.so
7ffae8735000-7ffae8934000 ---p 00008000 fd:00 104702                     /usr/lib/jvm/java-1.6.0-openjdk-1.6.0.0.x86_64/jre/lib/amd64/native_threads/libhpi.so
7ffae8934000-7ffae8936000 rw-p 00007000 fd:00 104702                     /usr/lib/jvm/java-1.6.0-openjdk-1.6.0.0.x86_64/jre/lib/amd64/native_threads/libhpi.so
7ffae8936000-7ffae8961000 r-xp 00000000 fd:00 73501                      /usr/lib/jvm/java-1.6.0-openjdk-1.6.0.0.x86_64/jre/lib/amd64/libjava.so
7ffae8961000-7ffae8b60000 ---p 0002b000 fd:00 73501                      /usr/lib/jvm/java-1.6.0-openjdk-1.6.0.0.x86_64/jre/lib/amd64/libjava.so
7ffae8b60000-7ffae8b64000 rw-p 0002a000 fd:00 73501                      /usr/lib/jvm/java-1.6.0-openjdk-1.6.0.0.x86_64/jre/lib/amd64/libjava.so
7ffae8b64000-7ffae8b72000 r-xp 00000000 fd:00 73520                      /usr/lib/jvm/java-1.6.0-openjdk-1.6.0.0.x86_64/jre/lib/amd64/libverify.so
7ffae8b72000-7ffae8d71000 ---p 0000e000 fd:00 73520                      /usr/lib/jvm/java-1.6.0-openjdk-1.6.0.0.x86_64/jre/lib/amd64/libverify.so
7ffae8d71000-7ffae8d73000 rw-p 0000d000 fd:00 73520                      /usr/lib/jvm/java-1.6.0-openjdk-1.6.0.0.x86_64/jre/lib/amd64/libverify.so
7ffae8d73000-7ffae8d76000 ---p 00000000 00:00 0 
7ffae8d76000-7ffae8e74000 rw-p 00000000 00:00 0 
7ffae8e74000-7ffae8ef7000 r-xp 00000000 fd:00 26645                      /lib64/libm-2.11.1.so
7ffae8ef7000-7ffae90f6000 ---p 00083000 fd:00 26645                      /lib64/libm-2.11.1.so
7ffae90f6000-7ffae90f7000 r--p 00082000 fd:00 26645                      /lib64/libm-2.11.1.so
7ffae90f7000-7ffae90f8000 rw-p 00083000 fd:00 26645                      /lib64/libm-2.11.1.so
7ffae90f8000-7ffae98a4000 r-xp 00000000 fd:00 104706                     /usr/lib/jvm/java-1.6.0-openjdk-1.6.0.0.x86_64/jre/lib/amd64/server/libjvm.so
7ffae98a4000-7ffae9aa3000 ---p 007ac000 fd:00 104706                     /usr/lib/jvm/java-1.6.0-openjdk-1.6.0.0.x86_64/jre/lib/amd64/server/libjvm.so
7ffae9aa3000-7ffae9b31000 rw-p 007ab000 fd:00 104706                     /usr/lib/jvm/java-1.6.0-openjdk-1.6.0.0.x86_64/jre/lib/amd64/server/libjvm.so
7ffae9b31000-7ffae9b72000 rw-p 00000000 00:00 0 
7ffae9b7d000-7ffae9b7e000 rw-s 00000000 00:11 92253                      /dev/shm/libv4l-ae1:usb-0000:00:1d.0-2:093a:2620:USB Camera (093a:2620)
7ffae9b7e000-7ffae9b7f000 rw-s 00000000 fd:00 29958                      /tmp/ffiBlkiRF (deleted)
7ffae9b7f000-7ffae9b80000 r-xs 00000000 fd:00 29958                      /tmp/ffiBlkiRF (deleted)
7ffae9b80000-7ffae9b83000 r--s 0007a000 fd:00 86014                      /usr/lib/jvm/java-1.6.0-openjdk-1.6.0.0.x86_64/jre/lib/jsse.jar
7ffae9b83000-7ffae9b8c000 r--s 00065000 fd:00 73543                      /usr/lib/jvm/java-1.6.0-openjdk-1.6.0.0.x86_64/jre/lib/ext/gnome-java-bridge.jar
7ffae9b8c000-7ffae9b8f000 r--s 0000f000 fd:00 104712                     /usr/lib/jvm/java-1.6.0-openjdk-1.6.0.0.x86_64/jre/lib/ext/pulse-java.jar
7ffae9b8f000-7ffae9b97000 rw-s 00000000 fd:00 2156783                    /tmp/hsperfdata_ae1/4695
7ffae9b97000-7ffae9b98000 rw-p 00000000 00:00 0 
7ffae9b98000-7ffae9b99000 r--p 00000000 00:00 0 
7ffae9b99000-7ffae9b9a000 rw-p 00000000 00:00 0 
7fffb3919000-7fffb392e000 rw-p 00000000 00:00 0                          [stack]
7fffb3937000-7fffb3938000 r-xp 00000000 00:00 0                          [vdso]
ffffffffff600000-ffffffffff601000 r-xp 00000000 00:00 0                  [vsyscall]

VM Arguments:
jvm_args: -Dfile.encoding=UTF-8 -Xmx2048m -Djava.library.path=/home/ae1/lib/java/jMonkey/jME2_0_1-Stable/lib/lib/lwjgl/native/linux/:/home/ae1/lib/java/jMonkey/jME2_0_1-Stable/lib/lib/jogl/native/linux_i586/ -Djava.library.path=/home/ae1/lib/java/lwjgl-2.4.2/native/linux/ 
java_command: com.piousbox.video.TunerTest
Launcher Type: SUN_STANDARD

Environment Variables:
PATH=/usr/lib64/qt-3.3/bin:/usr/kerberos/sbin:/usr/kerberos/bin:/usr/lib64/ccache:/usr/local/bin:/usr/bin:/bin:/usr/local/sbin:/usr/sbin:/sbin:/home/ae1/bin
USERNAME=ae1
LD_LIBRARY_PATH=/usr/lib/jvm/java-1.6.0-openjdk-1.6.0.0.x86_64/jre/lib/amd64/server:/usr/lib/jvm/java-1.6.0-openjdk-1.6.0.0.x86_64/jre/lib/amd64:/usr/lib/jvm/java-1.6.0-openjdk-1.6.0.0.x86_64/jre/../lib/amd64
SHELL=/bin/bash
DISPLAY=:0.0

Signal Handlers:
SIGSEGV: [libjvm.so+0x64f180], sa_mask[0]=0x7ffbfeff, sa_flags=0x10000004
SIGBUS: [libjvm.so+0x64f180], sa_mask[0]=0x7ffbfeff, sa_flags=0x10000004
SIGFPE: [libjvm.so+0x531820], sa_mask[0]=0x7ffbfeff, sa_flags=0x10000004
SIGPIPE: [libjvm.so+0x531820], sa_mask[0]=0x7ffbfeff, sa_flags=0x10000004
SIGXFSZ: [libjvm.so+0x531820], sa_mask[0]=0x7ffbfeff, sa_flags=0x10000004
SIGILL: [libjvm.so+0x531820], sa_mask[0]=0x7ffbfeff, sa_flags=0x10000004
SIGUSR1: SIG_DFL, sa_mask[0]=0x00000000, sa_flags=0x00000000
SIGUSR2: [libjvm.so+0x530fd0], sa_mask[0]=0x00000004, sa_flags=0x10000004
SIGHUP: [libjvm.so+0x533370], sa_mask[0]=0x7ffbfeff, sa_flags=0x10000004
SIGINT: SIG_IGN, sa_mask[0]=0x00000000, sa_flags=0x00000000
SIGTERM: [libjvm.so+0x533370], sa_mask[0]=0x7ffbfeff, sa_flags=0x10000004
SIGQUIT: [libjvm.so+0x533370], sa_mask[0]=0x7ffbfeff, sa_flags=0x10000004


---------------  S Y S T E M  ---------------

OS:Fedora release 12 (Constantine)

uname:Linux 2.6.32.11-99.fc12.x86_64 #1 SMP Mon Apr 5 19:59:38 UTC 2010 x86_64
libc:glibc 2.11.1 NPTL 2.11.1 
rlimit: STACK 10240k, CORE 0k, NPROC 1024, NOFILE 1024, AS infinity
load average:0.39 0.51 0.44

CPU:total 2 (2 cores per cpu, 1 threads per core) family 6 model 15 stepping 11, cmov, cx8, fxsr, mmx, sse, sse2, sse3, ssse3

Memory: 4k page, physical 3993356k(277984k free), swap 6094840k(6094840k free)

vm_info: OpenJDK 64-Bit Server VM (14.0-b16) for linux-amd64 JRE (1.6.0_18-b18), built on May 12 2010 15:44:49 by "mockbuild" with gcc 4.4.3 20100127 (Red Hat 4.4.3-4)

time: Sat Jul 24 06:10:51 2010
elapsed time: 0 seconds

